<?xml version="1.0" encoding="UTF-8"?>
<!-- Generated by org.testng.reporters.JUnitXMLReporter -->
<testsuite ignored="1" hostname="DESKTOP-5D6FQ8B" failures="0" tests="1" name="Default test" time="35.507" errors="0" timestamp="2022-09-10T11:30:14 IST">
  <testcase classname="com.mystore.testcases.IndexPageTest" name="ValidateLogo" time="0.361"/>
  <testcase classname="com.mystore.testcases.IndexPageTest" name="ValidateTitle" time="0.0">
    <ignored/>
  </testcase> <!-- ValidateTitle -->
</testsuite> <!-- Default test -->
